<?xml version="1.0" encoding="UTF-8"?>
<robot generator="Robot 6.1 (Python 3.12.3 on linux)" generated="20251015 14:55:35.071" rpa="false" schemaversion="4">
<suite id="s1" name="Praegus Travels" source="/home/floris/praegus/lvnl-training2/rfw-training/praegus_travels.robot">
<kw name="Create Session" library="RequestsLibrary" type="SETUP">
<arg>alias=lvnl</arg>
<arg>url=http://travels.praegus.nl/api/campsites</arg>
<doc>Create Session: create a HTTP session to a server</doc>
<msg timestamp="20251015 14:55:35.147" level="INFO">Creating Session using : alias=lvnl, url=http://travels.praegus.nl/api/campsites, headers={},                     cookies={}, auth=None, timeout=None, proxies=None, verify=False,                     debug=0 </msg>
<status status="PASS" starttime="20251015 14:55:35.147" endtime="20251015 14:55:35.147"/>
</kw>
<test id="s1-t1" name="Doe een GET request for specific id" line="11">
<kw name="GET On Session" library="RequestsLibrary">
<var>${response}</var>
<arg>alias=lvnl</arg>
<arg>url=844</arg>
<doc>Sends a GET request on a previously created HTTP Session.</doc>
<msg timestamp="20251015 14:55:35.225" level="INFO">GET Request : url=http://travels.praegus.nl/api/campsites/844 
 path_url=/api/campsites/844 
 headers={'User-Agent': 'python-requests/2.32.5', 'Accept-Encoding': 'gzip, deflate', 'Accept': '*/*', 'Connection': 'keep-alive', 'Authorization': 'Basic aGVpbnNmOmZMT0JSTy0xMjM='} 
 body=None 
 </msg>
<msg timestamp="20251015 14:55:35.225" level="INFO">GET Response : url=http://travels.praegus.nl/api/campsites/844 
 status=200, reason=OK 
 headers={'Access-Control-Allow-Origin': '*', 'Access-Control-Allow-Methods': 'GET, POST, PUT, DELETE, OPTIONS', 'Access-Control-Max-Age': '3600', 'Access-Control-Allow-Headers': 'x-requested-with, authorization, content-type', 'Vary': 'Origin, Access-Control-Request-Method, Access-Control-Request-Headers', 'X-Content-Type-Options': 'nosniff', 'X-XSS-Protection': '0', 'Cache-Control': 'no-cache, no-store, max-age=0, must-revalidate', 'Pragma': 'no-cache', 'Expires': '0', 'X-Frame-Options': 'DENY', 'Content-Type': 'application/json', 'Date': 'Wed, 15 Oct 2025 12:55:34 GMT', 'Via': '1.1 google', 'Transfer-Encoding': 'chunked'} 
 body={"id":844,"name":"LVNL-camping","location":"Schiphol","description":"\"\"","pricePerNight":0.0,"capacity":1,"amenities":"\"\"","imageUrl":null,"available":true,"campsiteType":"\"camping\"","terrainType":"\"Urban\"","accessibilityLevel":"\"hard\""} 
 </msg>
<msg timestamp="20251015 14:55:35.225" level="INFO">${response} = &lt;Response [200]&gt;</msg>
<status status="PASS" starttime="20251015 14:55:35.148" endtime="20251015 14:55:35.225"/>
</kw>
<kw name="Should Be Equal As Integers" library="BuiltIn">
<arg>${response.json()}[id]</arg>
<arg>844</arg>
<doc>Fails if objects are unequal after converting them to integers.</doc>
<msg timestamp="20251015 14:55:35.227" level="INFO">Argument types are:
&lt;class 'int'&gt;
&lt;class 'str'&gt;</msg>
<status status="PASS" starttime="20251015 14:55:35.226" endtime="20251015 14:55:35.227"/>
</kw>
<status status="PASS" starttime="20251015 14:55:35.147" endtime="20251015 14:55:35.227"/>
</test>
<test id="s1-t2" name="GET all campsites" line="15">
<kw name="GET request and return response">
<var>${response}</var>
<kw name="GET On Session" library="RequestsLibrary">
<var>${response}</var>
<arg>alias=lvnl</arg>
<arg>url=</arg>
<doc>Sends a GET request on a previously created HTTP Session.</doc>
<msg timestamp="20251015 14:55:35.282" level="INFO">GET Request : url=http://travels.praegus.nl/api/campsites 
 path_url=/api/campsites 
 headers={'User-Agent': 'python-requests/2.32.5', 'Accept-Encoding': 'gzip, deflate', 'Accept': '*/*', 'Connection': 'keep-alive', 'Authorization': 'Basic aGVpbnNmOmZMT0JSTy0xMjM='} 
 body=None 
 </msg>
<msg timestamp="20251015 14:55:35.282" level="INFO">GET Response : url=http://travels.praegus.nl/api/campsites 
 status=200, reason=OK 
 headers={'Access-Control-Allow-Origin': '*', 'Access-Control-Allow-Methods': 'GET, POST, PUT, DELETE, OPTIONS', 'Access-Control-Max-Age': '3600', 'Access-Control-Allow-Headers': 'x-requested-with, authorization, content-type', 'Vary': 'Origin, Access-Control-Request-Method, Access-Control-Request-Headers', 'X-Content-Type-Options': 'nosniff', 'X-XSS-Protection': '0', 'Cache-Control': 'no-cache, no-store, max-age=0, must-revalidate', 'Pragma': 'no-cache', 'Expires': '0', 'X-Frame-Options': 'DENY', 'Content-Type': 'application/json', 'Date': 'Wed, 15 Oct 2025 12:55:34 GMT', 'Via': '1.1 google', 'Transfer-Encoding': 'chunked'} 
 body=[{"id":831,"name":"Pine Valley Campground","location":"Yosemite National Park, CA","description":"Beautiful campsite nestled among pine trees with stunning views of the valley. Perfect for families and groups.","pricePerNight":45.0,"capacity":6,"amenities":"Fire pit, Picnic table, Water access, Restrooms nearby","imageUrl":"https://images.unsplash.com/photo-1504280390367-361c6d9f38f4","available":true,"campsiteType":"tent","terrainType":"forest","accessibilityLevel":"easy"},{"id":832,"name":"Lakeside Retreat","location":"Lake Tahoe, CA","description":"Peaceful campsite right on the shores of Lake Tahoe. Enjoy swimming, fishing, and beautiful sunsets.","pricePerNight":65.0,"capacity":4,"amenities":"Dock access, Fire ring, Picnic table, Shower facilities","imageUrl":"https://images.unsplash.com/photo-1537905569824-f89f14cceb68","available":true,"campsiteType":"cabin","terrainType":"lake","accessibilityLevel":"easy"},{"id":833,"name":"Desert Oasis","location":"Joshua Tree National Park, CA","description":"Experience the magic of the desert at this secluded campsite. Amazing stargazing opportunities.","pricePerNight":35.0,"capacity":8,"amenities":"Shade structure, Fire pit, Vault toilets","imageUrl":"https://images.unsplash.com/photo-1523987355523-c7b5b0dd90a7","available":true,"campsiteType":"tent","terrainType":"desert","accessibilityLevel":"moderate"},{"id":834,"name":"Mountain View","location":"Rocky Mountain National Park, CO","description":"High-altitude campsite with breathtaking views of the Rocky Mountains. Great hiking trails nearby.","pricePerNight":55.0,"capacity":5,"amenities":"Bear boxes, Fire ring, Picnic table, Potable water","imageUrl":"https://images.unsplash.com/photo-1571863533956-01c88e79957e","available":false,"campsiteType":"backcountry","terrainType":"mountain","accessibilityLevel":"difficult"},{"id":835,"name":"Coastal Hideaway","location":"Big Sur, CA","description":"Stunning coastal campsite with ocean views and beach access. Fall asleep to the sound of waves.","pricePerNight":75.0,"capacity":4,"amenities":"Beach access, Fire pit, Picnic table, Hot showers","imageUrl":"https://images.unsplash.com/photo-1510312305653-8ed496efae75","available":true,"campsiteType":"glamping","terrainType":"beach","accessibilityLevel":"accessible"},{"id":836,"name":"Floris","location":"Gouda","description":"test","pricePerNight":10000.0,"capacity":40,"amenities":"alles","imageUrl":null,"available":true,"campsiteType":"best","terrainType":"best","accessibilityLevel":"easy"},{"id":837,"name":"Floris","location":"Gouda","description":"test","pricePerNight":10000.0,"capacity":40,"amenities":"alles","imageUrl":null,"available":true,"campsiteType":"best","terrainType":"best","accessibilityLevel":"easy"},{"id":838,"name":"Floris","location":"Gouda","description":"test","pricePerNight":10000.0,"capacity":40,"amenities":"alles","imageUrl":null,"available":true,"campsiteType":"best","terrainType":"best","accessibilityLevel":"easy"},{"id":839,"name":"Floris","location":"Gouda","description":"test","pricePerNight":10000.0,"capacity":40,"amenities":"alles","imageUrl":null,"available":true,"campsiteType":"best","terrainType":"best","accessibilityLevel":"easy"},{"id":840,"name":"LVNL-camping","location":"Schiphol","description":"\"\"","pricePerNight":0.0,"capacity":1,"amenities":"\"\"","imageUrl":null,"available":true,"campsiteType":"\"camping\"","terrainType":"\"Urban\"","accessibilityLevel":"\"hard\""},{"id":841,"name":"LVNL-camping","location":"Schiphol","description":"\"\"","pricePerNight":0.0,"capacity":1,"amenities":"\"\"","imageUrl":null,"available":true,"campsiteType":"\"camping\"","terrainType":"\"Urban\"","accessibilityLevel":"\"hard\""},{"id":842,"name":"LVNL-camping","location":"Schiphol","description":"\"\"","pricePerNight":0.0,"capacity":1,"amenities":"\"\"","imageUrl":null,"available":true,"campsiteType":"\"camping\"","terrainType":"\"Urban\"","accessibilityLevel":"\"hard\""},{"id":843,"name":"LVNL-camping","location":"Schiphol","description":"\"\"","pricePerNight":0.0,"capacity":1,"amenities":"\"\"","imageUrl":null,"available":true,"campsiteType":"\"camping\"","terrainType":"\"Urban\"","accessibilityLevel":"\"hard\""},{"id":844,"name":"LVNL-camping","location":"Schiphol","description":"\"\"","pricePerNight":0.0,"capacity":1,"amenities":"\"\"","imageUrl":null,"available":true,"campsiteType":"\"camping\"","terrainType":"\"Urban\"","accessibilityLevel":"\"hard\""},{"id":845,"name":"LVNL-camping","location":"Schiphol","description":"\"\"","pricePerNight":0.0,"capacity":1,"amenities":"\"\"","imageUrl":null,"available":true,"campsiteType":"\"camping\"","terrainType":"\"Urban\"","accessibilityLevel":"\"hard\""}] 
 </msg>
<msg timestamp="20251015 14:55:35.282" level="INFO">${response} = &lt;Response [200]&gt;</msg>
<status status="PASS" starttime="20251015 14:55:35.228" endtime="20251015 14:55:35.282"/>
</kw>
<for flavor="IN">
<var>${campsite}</var>
<value>@{response.json()}</value>
<iter>
<var name="${campsite}">{'id': 831, 'name': 'Pine Valley Campground', 'location': 'Yosemite National Park, CA', 'description': 'Beautiful campsite nestled among pine trees with stunning views of the valley. Perfect for famil...</var>
<kw name="Log" library="BuiltIn">
<arg>${campsite}[name]</arg>
<arg>console=true</arg>
<doc>Logs the given message with the given level.</doc>
<msg timestamp="20251015 14:55:35.284" level="INFO">Pine Valley Campground</msg>
<status status="PASS" starttime="20251015 14:55:35.283" endtime="20251015 14:55:35.284"/>
</kw>
<status status="PASS" starttime="20251015 14:55:35.283" endtime="20251015 14:55:35.284"/>
</iter>
<iter>
<var name="${campsite}">{'id': 832, 'name': 'Lakeside Retreat', 'location': 'Lake Tahoe, CA', 'description': 'Peaceful campsite right on the shores of Lake Tahoe. Enjoy swimming, fishing, and beautiful sunsets.', 'pricePerNi...</var>
<kw name="Log" library="BuiltIn">
<arg>${campsite}[name]</arg>
<arg>console=true</arg>
<doc>Logs the given message with the given level.</doc>
<msg timestamp="20251015 14:55:35.284" level="INFO">Lakeside Retreat</msg>
<status status="PASS" starttime="20251015 14:55:35.284" endtime="20251015 14:55:35.284"/>
</kw>
<status status="PASS" starttime="20251015 14:55:35.284" endtime="20251015 14:55:35.284"/>
</iter>
<iter>
<var name="${campsite}">{'id': 833, 'name': 'Desert Oasis', 'location': 'Joshua Tree National Park, CA', 'description': 'Experience the magic of the desert at this secluded campsite. Amazing stargazing opportunities.', 'pric...</var>
<kw name="Log" library="BuiltIn">
<arg>${campsite}[name]</arg>
<arg>console=true</arg>
<doc>Logs the given message with the given level.</doc>
<msg timestamp="20251015 14:55:35.285" level="INFO">Desert Oasis</msg>
<status status="PASS" starttime="20251015 14:55:35.284" endtime="20251015 14:55:35.285"/>
</kw>
<status status="PASS" starttime="20251015 14:55:35.284" endtime="20251015 14:55:35.285"/>
</iter>
<iter>
<var name="${campsite}">{'id': 834, 'name': 'Mountain View', 'location': 'Rocky Mountain National Park, CO', 'description': 'High-altitude campsite with breathtaking views of the Rocky Mountains. Great hiking trails nearby.'...</var>
<kw name="Log" library="BuiltIn">
<arg>${campsite}[name]</arg>
<arg>console=true</arg>
<doc>Logs the given message with the given level.</doc>
<msg timestamp="20251015 14:55:35.285" level="INFO">Mountain View</msg>
<status status="PASS" starttime="20251015 14:55:35.285" endtime="20251015 14:55:35.285"/>
</kw>
<status status="PASS" starttime="20251015 14:55:35.285" endtime="20251015 14:55:35.285"/>
</iter>
<iter>
<var name="${campsite}">{'id': 835, 'name': 'Coastal Hideaway', 'location': 'Big Sur, CA', 'description': 'Stunning coastal campsite with ocean views and beach access. Fall asleep to the sound of waves.', 'pricePerNight': 75...</var>
<kw name="Log" library="BuiltIn">
<arg>${campsite}[name]</arg>
<arg>console=true</arg>
<doc>Logs the given message with the given level.</doc>
<msg timestamp="20251015 14:55:35.286" level="INFO">Coastal Hideaway</msg>
<status status="PASS" starttime="20251015 14:55:35.285" endtime="20251015 14:55:35.286"/>
</kw>
<status status="PASS" starttime="20251015 14:55:35.285" endtime="20251015 14:55:35.286"/>
</iter>
<iter>
<var name="${campsite}">{'id': 836, 'name': 'Floris', 'location': 'Gouda', 'description': 'test', 'pricePerNight': 10000.0, 'capacity': 40, 'amenities': 'alles', 'imageUrl': None, 'available': True, 'campsiteType': 'best', '...</var>
<kw name="Log" library="BuiltIn">
<arg>${campsite}[name]</arg>
<arg>console=true</arg>
<doc>Logs the given message with the given level.</doc>
<msg timestamp="20251015 14:55:35.286" level="INFO">Floris</msg>
<status status="PASS" starttime="20251015 14:55:35.286" endtime="20251015 14:55:35.286"/>
</kw>
<status status="PASS" starttime="20251015 14:55:35.286" endtime="20251015 14:55:35.286"/>
</iter>
<iter>
<var name="${campsite}">{'id': 837, 'name': 'Floris', 'location': 'Gouda', 'description': 'test', 'pricePerNight': 10000.0, 'capacity': 40, 'amenities': 'alles', 'imageUrl': None, 'available': True, 'campsiteType': 'best', '...</var>
<kw name="Log" library="BuiltIn">
<arg>${campsite}[name]</arg>
<arg>console=true</arg>
<doc>Logs the given message with the given level.</doc>
<msg timestamp="20251015 14:55:35.287" level="INFO">Floris</msg>
<status status="PASS" starttime="20251015 14:55:35.286" endtime="20251015 14:55:35.287"/>
</kw>
<status status="PASS" starttime="20251015 14:55:35.286" endtime="20251015 14:55:35.287"/>
</iter>
<iter>
<var name="${campsite}">{'id': 838, 'name': 'Floris', 'location': 'Gouda', 'description': 'test', 'pricePerNight': 10000.0, 'capacity': 40, 'amenities': 'alles', 'imageUrl': None, 'available': True, 'campsiteType': 'best', '...</var>
<kw name="Log" library="BuiltIn">
<arg>${campsite}[name]</arg>
<arg>console=true</arg>
<doc>Logs the given message with the given level.</doc>
<msg timestamp="20251015 14:55:35.287" level="INFO">Floris</msg>
<status status="PASS" starttime="20251015 14:55:35.287" endtime="20251015 14:55:35.287"/>
</kw>
<status status="PASS" starttime="20251015 14:55:35.287" endtime="20251015 14:55:35.287"/>
</iter>
<iter>
<var name="${campsite}">{'id': 839, 'name': 'Floris', 'location': 'Gouda', 'description': 'test', 'pricePerNight': 10000.0, 'capacity': 40, 'amenities': 'alles', 'imageUrl': None, 'available': True, 'campsiteType': 'best', '...</var>
<kw name="Log" library="BuiltIn">
<arg>${campsite}[name]</arg>
<arg>console=true</arg>
<doc>Logs the given message with the given level.</doc>
<msg timestamp="20251015 14:55:35.287" level="INFO">Floris</msg>
<status status="PASS" starttime="20251015 14:55:35.287" endtime="20251015 14:55:35.287"/>
</kw>
<status status="PASS" starttime="20251015 14:55:35.287" endtime="20251015 14:55:35.287"/>
</iter>
<iter>
<var name="${campsite}">{'id': 840, 'name': 'LVNL-camping', 'location': 'Schiphol', 'description': '""', 'pricePerNight': 0.0, 'capacity': 1, 'amenities': '""', 'imageUrl': None, 'available': True, 'campsiteType': '"camping"...</var>
<kw name="Log" library="BuiltIn">
<arg>${campsite}[name]</arg>
<arg>console=true</arg>
<doc>Logs the given message with the given level.</doc>
<msg timestamp="20251015 14:55:35.288" level="INFO">LVNL-camping</msg>
<status status="PASS" starttime="20251015 14:55:35.288" endtime="20251015 14:55:35.288"/>
</kw>
<status status="PASS" starttime="20251015 14:55:35.288" endtime="20251015 14:55:35.288"/>
</iter>
<iter>
<var name="${campsite}">{'id': 841, 'name': 'LVNL-camping', 'location': 'Schiphol', 'description': '""', 'pricePerNight': 0.0, 'capacity': 1, 'amenities': '""', 'imageUrl': None, 'available': True, 'campsiteType': '"camping"...</var>
<kw name="Log" library="BuiltIn">
<arg>${campsite}[name]</arg>
<arg>console=true</arg>
<doc>Logs the given message with the given level.</doc>
<msg timestamp="20251015 14:55:35.288" level="INFO">LVNL-camping</msg>
<status status="PASS" starttime="20251015 14:55:35.288" endtime="20251015 14:55:35.288"/>
</kw>
<status status="PASS" starttime="20251015 14:55:35.288" endtime="20251015 14:55:35.288"/>
</iter>
<iter>
<var name="${campsite}">{'id': 842, 'name': 'LVNL-camping', 'location': 'Schiphol', 'description': '""', 'pricePerNight': 0.0, 'capacity': 1, 'amenities': '""', 'imageUrl': None, 'available': True, 'campsiteType': '"camping"...</var>
<kw name="Log" library="BuiltIn">
<arg>${campsite}[name]</arg>
<arg>console=true</arg>
<doc>Logs the given message with the given level.</doc>
<msg timestamp="20251015 14:55:35.289" level="INFO">LVNL-camping</msg>
<status status="PASS" starttime="20251015 14:55:35.288" endtime="20251015 14:55:35.289"/>
</kw>
<status status="PASS" starttime="20251015 14:55:35.288" endtime="20251015 14:55:35.289"/>
</iter>
<iter>
<var name="${campsite}">{'id': 843, 'name': 'LVNL-camping', 'location': 'Schiphol', 'description': '""', 'pricePerNight': 0.0, 'capacity': 1, 'amenities': '""', 'imageUrl': None, 'available': True, 'campsiteType': '"camping"...</var>
<kw name="Log" library="BuiltIn">
<arg>${campsite}[name]</arg>
<arg>console=true</arg>
<doc>Logs the given message with the given level.</doc>
<msg timestamp="20251015 14:55:35.289" level="INFO">LVNL-camping</msg>
<status status="PASS" starttime="20251015 14:55:35.289" endtime="20251015 14:55:35.289"/>
</kw>
<status status="PASS" starttime="20251015 14:55:35.289" endtime="20251015 14:55:35.289"/>
</iter>
<iter>
<var name="${campsite}">{'id': 844, 'name': 'LVNL-camping', 'location': 'Schiphol', 'description': '""', 'pricePerNight': 0.0, 'capacity': 1, 'amenities': '""', 'imageUrl': None, 'available': True, 'campsiteType': '"camping"...</var>
<kw name="Log" library="BuiltIn">
<arg>${campsite}[name]</arg>
<arg>console=true</arg>
<doc>Logs the given message with the given level.</doc>
<msg timestamp="20251015 14:55:35.290" level="INFO">LVNL-camping</msg>
<status status="PASS" starttime="20251015 14:55:35.289" endtime="20251015 14:55:35.290"/>
</kw>
<status status="PASS" starttime="20251015 14:55:35.289" endtime="20251015 14:55:35.290"/>
</iter>
<iter>
<var name="${campsite}">{'id': 845, 'name': 'LVNL-camping', 'location': 'Schiphol', 'description': '""', 'pricePerNight': 0.0, 'capacity': 1, 'amenities': '""', 'imageUrl': None, 'available': True, 'campsiteType': '"camping"...</var>
<kw name="Log" library="BuiltIn">
<arg>${campsite}[name]</arg>
<arg>console=true</arg>
<doc>Logs the given message with the given level.</doc>
<msg timestamp="20251015 14:55:35.290" level="INFO">LVNL-camping</msg>
<status status="PASS" starttime="20251015 14:55:35.290" endtime="20251015 14:55:35.290"/>
</kw>
<status status="PASS" starttime="20251015 14:55:35.290" endtime="20251015 14:55:35.290"/>
</iter>
<status status="PASS" starttime="20251015 14:55:35.283" endtime="20251015 14:55:35.290"/>
</for>
<msg timestamp="20251015 14:55:35.290" level="INFO">${response} = &lt;Response [200]&gt;</msg>
<status status="PASS" starttime="20251015 14:55:35.228" endtime="20251015 14:55:35.290"/>
</kw>
<kw name="Log" library="BuiltIn">
<arg>${response.json()[0]} is de eerstgevonden campsite</arg>
<doc>Logs the given message with the given level.</doc>
<msg timestamp="20251015 14:55:35.291" level="INFO">{'id': 831, 'name': 'Pine Valley Campground', 'location': 'Yosemite National Park, CA', 'description': 'Beautiful campsite nestled among pine trees with stunning views of the valley. Perfect for families and groups.', 'pricePerNight': 45.0, 'capacity': 6, 'amenities': 'Fire pit, Picnic table, Water access, Restrooms nearby', 'imageUrl': 'https://images.unsplash.com/photo-1504280390367-361c6d9f38f4', 'available': True, 'campsiteType': 'tent', 'terrainType': 'forest', 'accessibilityLevel': 'easy'} is de eerstgevonden campsite</msg>
<status status="PASS" starttime="20251015 14:55:35.290" endtime="20251015 14:55:35.291"/>
</kw>
<status status="PASS" starttime="20251015 14:55:35.227" endtime="20251015 14:55:35.291"/>
</test>
<test id="s1-t3" name="POST om campsite toe te voegen" line="19">
<kw name="POST request and return response">
<var>${response}</var>
<arg>name=LVNL-camping</arg>
<arg>location=Schiphol</arg>
<kw name="Create Dictionary" library="BuiltIn">
<var>&amp;{payload}</var>
<arg>name=${name}</arg>
<arg>location=${location}</arg>
<arg>description=${description}</arg>
<arg>pricePerNight=${pricePerNight}</arg>
<arg>capacity=${capacity}</arg>
<arg>amenities=${amenities}</arg>
<arg>campsiteType=${campsiteType}</arg>
<arg>terrainType=${terrainType}</arg>
<arg>accessibilityLevel=${accessibilityLevel}</arg>
<doc>Creates and returns a dictionary based on the given ``items``.</doc>
<msg timestamp="20251015 14:55:35.293" level="INFO">&amp;{payload} = { name=LVNL-camping | location=Schiphol | description="" | pricePerNight=0 | capacity=1 | amenities="" | campsiteType="camping" | terrainType="Urban" | accessibilityLevel="hard" }</msg>
<status status="PASS" starttime="20251015 14:55:35.292" endtime="20251015 14:55:35.293"/>
</kw>
<kw name="POST On Session" library="RequestsLibrary">
<var>${response}</var>
<arg>alias=lvnl</arg>
<arg>url=</arg>
<arg>json=${payload}</arg>
<doc>Sends a POST request on a previously created HTTP Session.</doc>
<msg timestamp="20251015 14:55:35.353" level="INFO">POST Request : url=http://travels.praegus.nl/api/campsites 
 path_url=/api/campsites 
 headers={'User-Agent': 'python-requests/2.32.5', 'Accept-Encoding': 'gzip, deflate', 'Accept': '*/*', 'Connection': 'keep-alive', 'Content-Length': '224', 'Content-Type': 'application/json', 'Authorization': 'Basic aGVpbnNmOmZMT0JSTy0xMjM='} 
 body=b'{"name": "LVNL-camping", "location": "Schiphol", "description": "\\"\\"", "pricePerNight": "0", "capacity": "1", "amenities": "\\"\\"", "campsiteType": "\\"camping\\"", "terrainType": "\\"Urban\\"", "accessibilityLevel": "\\"hard\\""}' 
 </msg>
<msg timestamp="20251015 14:55:35.353" level="INFO">POST Response : url=http://travels.praegus.nl/api/campsites 
 status=201, reason=Created 
 headers={'Access-Control-Allow-Origin': '*', 'Access-Control-Allow-Methods': 'GET, POST, PUT, DELETE, OPTIONS', 'Access-Control-Max-Age': '3600', 'Access-Control-Allow-Headers': 'x-requested-with, authorization, content-type', 'Vary': 'Origin, Access-Control-Request-Method, Access-Control-Request-Headers', 'X-Content-Type-Options': 'nosniff', 'X-XSS-Protection': '0', 'Cache-Control': 'no-cache, no-store, max-age=0, must-revalidate', 'Pragma': 'no-cache', 'Expires': '0', 'X-Frame-Options': 'DENY', 'Content-Type': 'application/json', 'Date': 'Wed, 15 Oct 2025 12:55:34 GMT', 'Via': '1.1 google', 'Transfer-Encoding': 'chunked'} 
 body={"id":846,"name":"LVNL-camping","location":"Schiphol","description":"\"\"","pricePerNight":0.0,"capacity":1,"amenities":"\"\"","imageUrl":null,"available":true,"campsiteType":"\"camping\"","terrainType":"\"Urban\"","accessibilityLevel":"\"hard\""} 
 </msg>
<msg timestamp="20251015 14:55:35.354" level="INFO">${response} = &lt;Response [201]&gt;</msg>
<status status="PASS" starttime="20251015 14:55:35.293" endtime="20251015 14:55:35.354"/>
</kw>
<return>
<value>${response}</value>
<status status="PASS" starttime="20251015 14:55:35.354" endtime="20251015 14:55:35.354"/>
</return>
<msg timestamp="20251015 14:55:35.354" level="INFO">${response} = &lt;Response [201]&gt;</msg>
<status status="PASS" starttime="20251015 14:55:35.292" endtime="20251015 14:55:35.354"/>
</kw>
<kw name="Log" library="BuiltIn">
<arg>${response.json()}</arg>
<arg>level=DEBUG</arg>
<doc>Logs the given message with the given level.</doc>
<status status="PASS" starttime="20251015 14:55:35.354" endtime="20251015 14:55:35.355"/>
</kw>
<kw name="Should Be Equal As Integers" library="BuiltIn">
<arg>${response.status_code}</arg>
<arg>201</arg>
<doc>Fails if objects are unequal after converting them to integers.</doc>
<msg timestamp="20251015 14:55:35.355" level="INFO">Argument types are:
&lt;class 'int'&gt;
&lt;class 'str'&gt;</msg>
<status status="PASS" starttime="20251015 14:55:35.355" endtime="20251015 14:55:35.355"/>
</kw>
<if>
<branch type="IF" condition="&quot;${response.status_code}&quot; == &quot;201&quot;">
<kw name="Log To Console" library="BuiltIn">
<arg>Aangemakte campsite heeft id: ${response.json()}[id]</arg>
<doc>Logs the given message to the console.</doc>
<status status="PASS" starttime="20251015 14:55:35.356" endtime="20251015 14:55:35.357"/>
</kw>
<status status="PASS" starttime="20251015 14:55:35.356" endtime="20251015 14:55:35.357"/>
</branch>
<status status="PASS" starttime="20251015 14:55:35.356" endtime="20251015 14:55:35.357"/>
</if>
<status status="PASS" starttime="20251015 14:55:35.292" endtime="20251015 14:55:35.357"/>
</test>
<kw name="Delete All Sessions" library="RequestsLibrary" type="TEARDOWN">
<doc>Removes all the session objects</doc>
<msg timestamp="20251015 14:55:35.358" level="INFO">Deleting All Sessions</msg>
<status status="PASS" starttime="20251015 14:55:35.357" endtime="20251015 14:55:35.358"/>
</kw>
<doc>API definition can be found here: https://travels.praegus.nl/swagger-ui/index.html</doc>
<status status="PASS" starttime="20251015 14:55:35.072" endtime="20251015 14:55:35.358"/>
</suite>
<statistics>
<total>
<stat pass="3" fail="0" skip="0">All Tests</stat>
</total>
<tag>
</tag>
<suite>
<stat pass="3" fail="0" skip="0" id="s1" name="Praegus Travels">Praegus Travels</stat>
</suite>
</statistics>
<errors>
</errors>
</robot>
